[debug] [2022-07-15T16:26:30.757Z] ----------------------------------------------------------------------
[debug] [2022-07-15T16:26:30.762Z] Command:       C:\Program Files\nodejs\node.exe C:\Users\parce\AppData\Roaming\npm\node_modules\firebase-tools\lib\bin\firebase.js init hosting:github
[debug] [2022-07-15T16:26:30.763Z] CLI Version:   11.2.2
[debug] [2022-07-15T16:26:30.763Z] Platform:      win32
[debug] [2022-07-15T16:26:30.764Z] Node Version:  v16.15.1
[debug] [2022-07-15T16:26:30.765Z] Time:          Fri Jul 15 2022 17:26:30 GMT+0100 (Hora padrão da África Ocidental)
[debug] [2022-07-15T16:26:30.766Z] ----------------------------------------------------------------------
[debug] 
[debug] [2022-07-15T16:26:30.904Z] > command requires scopes: ["email","openid","https://www.googleapis.com/auth/cloudplatformprojects.readonly","https://www.googleapis.com/auth/firebase","https://www.googleapis.com/auth/cloud-platform"]
[debug] [2022-07-15T16:26:30.905Z] > authorizing via signed-in user (eduardopembeleafonso@gmail.com)
[info] 
     ######## #### ########  ######## ########     ###     ######  ########
     ##        ##  ##     ## ##       ##     ##  ##   ##  ##       ##
     ######    ##  ########  ######   ########  #########  ######  ######
     ##        ##  ##    ##  ##       ##     ## ##     ##       ## ##
     ##       #### ##     ## ######## ########  ##     ##  ######  ########

You're about to initialize a Firebase project in this directory:

  C:\EstudosReactjs\projecto2

Before we get started, keep in mind:

  * You are currently outside your home directory
  * You are initializing within an existing Firebase project directory

[info] 
=== Project Setup
[info] 
[info] First, let's associate this project directory with a Firebase project.
[info] You can create multiple project aliases by running firebase use --add, 
[info] but for now we'll just set up a default project.
[info] 
[debug] [2022-07-15T16:26:37.288Z] Using project from CLI flag: tasklist-reactjs
[debug] [2022-07-15T16:26:37.293Z] >>> [apiv2][query] GET https://firebase.googleapis.com/v1beta1/projects/tasklist-reactjs [none]
[debug] [2022-07-15T16:26:39.715Z] <<< [apiv2][status] GET https://firebase.googleapis.com/v1beta1/projects/tasklist-reactjs 200
[debug] [2022-07-15T16:26:39.716Z] <<< [apiv2][body] GET https://firebase.googleapis.com/v1beta1/projects/tasklist-reactjs {"projectId":"tasklist-reactjs","projectNumber":"259524302782","displayName":"TaskList-ReactJs","name":"projects/tasklist-reactjs","resources":{"hostingSite":"tasklist-reactjs","storageBucket":"tasklist-reactjs.appspot.com","locationId":"us-central"},"state":"ACTIVE"}
[info] i  Using project tasklist-reactjs (TaskList-ReactJs) 
[info] 
=== Hosting:github Setup
[info] 
[info] i  Detected a .git folder at C:\EstudosReactjs\projecto2 
[info] i  Authorizing with GitHub to upload your service account to a GitHub repository's secrets store. 
[info] 
[info] Visit this URL on this device to log in:
[info] https://github.com/login/oauth/authorize?client_id=89cf50f02ac6aaed3484&state=413595665&redirect_uri=http%3A%2F%2Flocalhost%3A9005&scope=read%3Auser%20repo%20public_repo
[info] 
[info] Waiting for authentication...
[debug] [2022-07-15T16:26:44.769Z] >>> [apiv2][query] POST https://github.com/login/oauth/access_token [none]
[debug] [2022-07-15T16:26:44.770Z] >>> [apiv2][body] POST https://github.com/login/oauth/access_token [stream]
[debug] [2022-07-15T16:26:47.031Z] <<< [apiv2][status] POST https://github.com/login/oauth/access_token 200
[debug] [2022-07-15T16:26:47.031Z] <<< [apiv2][body] POST https://github.com/login/oauth/access_token {"access_token":"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","token_type":"bearer","scope":"read:user,repo"}
[debug] [2022-07-15T16:26:48.159Z] >>> [apiv2][query] GET https://api.github.com/user [none]
[debug] [2022-07-15T16:26:49.628Z] <<< [apiv2][status] GET https://api.github.com/user 200
[debug] [2022-07-15T16:26:49.629Z] <<< [apiv2][body] GET https://api.github.com/user {"login":"EduardoPembeleAfonso","id":66500341,"node_id":"MDQ6VXNlcjY2NTAwMzQx","avatar_url":"https://avatars.githubusercontent.com/u/66500341?v=4","gravatar_id":"","url":"https://api.github.com/users/EduardoPembeleAfonso","html_url":"https://github.com/EduardoPembeleAfonso","followers_url":"https://api.github.com/users/EduardoPembeleAfonso/followers","following_url":"https://api.github.com/users/EduardoPembeleAfonso/following{/other_user}","gists_url":"https://api.github.com/users/EduardoPembeleAfonso/gists{/gist_id}","starred_url":"https://api.github.com/users/EduardoPembeleAfonso/starred{/owner}{/repo}","subscriptions_url":"https://api.github.com/users/EduardoPembeleAfonso/subscriptions","organizations_url":"https://api.github.com/users/EduardoPembeleAfonso/orgs","repos_url":"https://api.github.com/users/EduardoPembeleAfonso/repos","events_url":"https://api.github.com/users/EduardoPembeleAfonso/events{/privacy}","received_events_url":"https://api.github.com/users/EduardoPembeleAfonso/received_events","type":"User","site_admin":false,"name":"Eduardo Afonso","company":null,"blog":"","location":null,"email":null,"hireable":null,"bio":null,"twitter_username":null,"public_repos":3,"public_gists":0,"followers":0,"following":2,"created_at":"2020-06-06T00:21:26Z","updated_at":"2022-07-15T12:05:28Z","private_gists":0,"total_private_repos":2,"owned_private_repos":2,"disk_usage":28794,"collaborators":0,"two_factor_authentication":false,"plan":{"name":"free","space":976562499,"collaborators":0,"private_repos":10000}}
[info] 
[info] +  Success! Logged into GitHub as EduardoPembeleAfonso 
[info] 
